<?xml version="1.0" encoding="UTF-8"?>
<!-- Generated by org.testng.reporters.JUnitReportReporter -->
<testsuite hostname="DESKTOP-7FOBQD1" name="tests.ShowphoneNumberTest" tests="3" failures="0" timestamp="5 Jan 2020 13:28:13 GMT" time="60.736" errors="0">
  <testcase name="newUserCanInitiatLead" time="17.634" classname="tests.ShowphoneNumberTest"/>
  <testcase name="loggedInUserCanInitiatLeadFirstTime" time="19.407" classname="tests.ShowphoneNumberTest"/>
  <testcase name="loggedInUserCanInitiatLeadSecondtTime" time="23.695" classname="tests.ShowphoneNumberTest"/>
</testsuite> <!-- tests.ShowphoneNumberTest -->
