<?xml version="1.0" encoding="UTF-8"?>
<!-- Generated by org.testng.reporters.JUnitReportReporter -->
<testsuite hostname="DESKTOP-7FOBQD1" name="tests.LoginTest" tests="1" failures="0" timestamp="5 Jan 2020 14:07:04 GMT" time="5.620" errors="0">
  <testcase name="userCanLoginSuccessfully" time="5.620" classname="tests.LoginTest"/>
</testsuite> <!-- tests.LoginTest -->
