<?xml version="1.0" encoding="UTF-8"?>
<!-- Generated by org.testng.reporters.JUnitReportReporter -->
<testsuite skipped="0" hostname="mohamedtohamy-HP-ProBook-4540s" name="tests.AdminPanelLeadsTest" tests="1" failures="0" timestamp="2019-11-24T23:29:16 EET" time="18.918" errors="0">
  <testcase name="numberOfLeadsIncreasedByOne" time="18.918" classname="tests.AdminPanelLeadsTest"/>
</testsuite> <!-- tests.AdminPanelLeadsTest -->
