<?xml version="1.0" encoding="UTF-8"?>
<!-- Generated by org.testng.reporters.JUnitReportReporter -->
<testsuite skipped="0" hostname="mohamedtohamy-HP-ProBook-4540s" name="tests.LoginTest" tests="1" failures="0" timestamp="2019-12-03T22:18:21 EET" time="7.628" errors="0">
  <testcase name="userCanLoginSuccessfully" time="7.628" classname="tests.LoginTest"/>
</testsuite> <!-- tests.LoginTest -->
