<?xml version="1.0" encoding="UTF-8"?>
<!-- Generated by org.testng.reporters.JUnitReportReporter -->
<testsuite skipped="0" hostname="mohamedtohamy-HP-ProBook-4540s" name="tests.JustTest" tests="1" failures="0" timestamp="2019-12-04T23:14:21 EET" time="0.060" errors="0">
  <testcase name="userCanAddToLocalStorage" time="0.060" classname="tests.JustTest"/>
</testsuite> <!-- tests.JustTest -->
